SCoT/modules/adder3.v:12: error: Unknown module type: full_adder
SCoT/modules/adder3.v:21: error: Unknown module type: full_adder
SCoT/modules/adder3.v:30: error: Unknown module type: full_adder
4 error(s) during elaboration.
*** These modules were missing:
        full_adder referenced 3 times.
***
Module file path: SCoT/modules/adder3.v
Testbench file path: hdlbits_testbenches/Adder3_0_tb.v
Error during compilation: Command '['iverilog', '-o', 'SCoT/simulations/adder3_sim', 'SCoT/modules/adder3.v', 'hdlbits_testbenches/Adder3_0_tb.v']' returned non-zero exit status 4.
