SCoT/modules/countbcd.v:16: error: carry0 is not a valid l-value in top_module_tb.UUT.
SCoT/modules/countbcd.v:8:      : carry0 is declared here as wire.
SCoT/modules/countbcd.v:19: error: carry0 is not a valid l-value in top_module_tb.UUT.
SCoT/modules/countbcd.v:8:      : carry0 is declared here as wire.
SCoT/modules/countbcd.v:32: error: carry1 is not a valid l-value in top_module_tb.UUT.
SCoT/modules/countbcd.v:8:      : carry1 is declared here as wire.
SCoT/modules/countbcd.v:36: error: carry1 is not a valid l-value in top_module_tb.UUT.
SCoT/modules/countbcd.v:8:      : carry1 is declared here as wire.
SCoT/modules/countbcd.v:40: error: carry1 is not a valid l-value in top_module_tb.UUT.
SCoT/modules/countbcd.v:8:      : carry1 is declared here as wire.
SCoT/modules/countbcd.v:53: error: carry2 is not a valid l-value in top_module_tb.UUT.
SCoT/modules/countbcd.v:8:      : carry2 is declared here as wire.
SCoT/modules/countbcd.v:57: error: carry2 is not a valid l-value in top_module_tb.UUT.
SCoT/modules/countbcd.v:8:      : carry2 is declared here as wire.
SCoT/modules/countbcd.v:61: error: carry2 is not a valid l-value in top_module_tb.UUT.
SCoT/modules/countbcd.v:8:      : carry2 is declared here as wire.
8 error(s) during elaboration.
Module file path: SCoT/modules/countbcd.v
Testbench file path: hdlbits_testbenches/Countbcd_0_tb.v
Error during compilation: Command '['iverilog', '-o', 'SCoT/simulations/countbcd_sim', 'SCoT/modules/countbcd.v', 'hdlbits_testbenches/Countbcd_0_tb.v']' returned non-zero exit status 8.
