SCoT/modules/Module_cseladd.v:12: error: Unknown module type: add16
SCoT/modules/Module_cseladd.v:21: error: Unknown module type: add16
SCoT/modules/Module_cseladd.v:30: error: Unknown module type: add16
4 error(s) during elaboration.
*** These modules were missing:
        add16 referenced 3 times.
***
Module file path: SCoT/modules/Module_cseladd.v
Testbench file path: hdlbits_testbenches/Module_cseladd_0_tb.v
Error during compilation: Command '['iverilog', '-o', 'SCoT/simulations/Module_cseladd_sim', 'SCoT/modules/Module_cseladd.v', 'hdlbits_testbenches/Module_cseladd_0_tb.v']' returned non-zero exit status 4.
