Self-ask/modules/Fsm_serial.v:8: syntax error
Self-ask/modules/Fsm_serial.v:8: error: Invalid module instantiation
Self-ask/modules/Fsm_serial.v:16: syntax error
Self-ask/modules/Fsm_serial.v:16: error: Invalid module instantiation
Self-ask/modules/Fsm_serial.v:19: syntax error
Self-ask/modules/Fsm_serial.v:19: error: Invalid module instantiation
Self-ask/modules/Fsm_serial.v:22: error: Invalid module instantiation
Self-ask/modules/Fsm_serial.v:25: error: Invalid module item.
Self-ask/modules/Fsm_serial.v:27: syntax error
Self-ask/modules/Fsm_serial.v:27: error: Invalid module instantiation
Self-ask/modules/Fsm_serial.v:29: syntax error
Self-ask/modules/Fsm_serial.v:29: error: Invalid module instantiation
Self-ask/modules/Fsm_serial.v:34: error: Invalid module item.
Self-ask/modules/Fsm_serial.v:35: syntax error
Self-ask/modules/Fsm_serial.v:35: error: Invalid module instantiation
Self-ask/modules/Fsm_serial.v:39: syntax error
Self-ask/modules/Fsm_serial.v:39: error: Invalid module instantiation
Self-ask/modules/Fsm_serial.v:43: syntax error
Self-ask/modules/Fsm_serial.v:43: error: Invalid module instantiation
Self-ask/modules/Fsm_serial.v:48: syntax error
Self-ask/modules/Fsm_serial.v:48: error: Invalid module instantiation
Self-ask/modules/Fsm_serial.v:53: syntax error
Self-ask/modules/Fsm_serial.v:53: error: Invalid module instantiation
Self-ask/modules/Fsm_serial.v:54: error: Invalid module instantiation
Self-ask/modules/Fsm_serial.v:57: syntax error
Self-ask/modules/Fsm_serial.v:57: error: Invalid module instantiation
Self-ask/modules/Fsm_serial.v:63: syntax error
Self-ask/modules/Fsm_serial.v:63: error: Invalid module instantiation
Self-ask/modules/Fsm_serial.v:66: syntax error
hdlbits_testbenches/Fsm_serial_0_tb.v:3: error: Invalid module item.
hdlbits_testbenches/Fsm_serial_0_tb.v:8: error: 'clk' has already been declared in this scope.
Self-ask/modules/Fsm_serial.v:2:      : It was declared here as a net.
hdlbits_testbenches/Fsm_serial_0_tb.v:9: error: 'in' has already been declared in this scope.
Self-ask/modules/Fsm_serial.v:3:      : It was declared here as a net.
hdlbits_testbenches/Fsm_serial_0_tb.v:10: error: 'reset' has already been declared in this scope.
Self-ask/modules/Fsm_serial.v:4:      : It was declared here as a net.
hdlbits_testbenches/Fsm_serial_0_tb.v:12: error: 'done' has already been declared in this scope.
Self-ask/modules/Fsm_serial.v:5:      : It was declared here as a variable.
Module file path: Self-ask/modules/Fsm_serial.v
Testbench file path: hdlbits_testbenches/Fsm_serial_0_tb.v
Error during compilation: Command '['iverilog', '-o', 'Self-ask/simulations/Fsm_serial_sim', 'Self-ask/modules/Fsm_serial.v', 'hdlbits_testbenches/Fsm_serial_0_tb.v']' returned non-zero exit status 34.
