RoEm/modules/Adder3.v:10: error: Unknown module type: full_adder
RoEm/modules/Adder3.v:18: error: Unknown module type: full_adder
RoEm/modules/Adder3.v:26: error: Unknown module type: full_adder
4 error(s) during elaboration.
*** These modules were missing:
        full_adder referenced 3 times.
***
Module file path: RoEm/modules/Adder3.v
Testbench file path: hdlbits_testbenches/Adder3_0_tb.v
Error during compilation: Command '['iverilog', '-o', 'RoEm/simulations/Adder3_sim', 'RoEm/modules/Adder3.v', 'hdlbits_testbenches/Adder3_0_tb.v']' returned non-zero exit status 4.
