RoEm/modules/Fsm_ps2.v:8: syntax error
RoEm/modules/Fsm_ps2.v:8: error: Invalid module instantiation
RoEm/modules/Fsm_ps2.v:15: syntax error
RoEm/modules/Fsm_ps2.v:15: error: Invalid module instantiation
RoEm/modules/Fsm_ps2.v:18: error: Invalid module instantiation
RoEm/modules/Fsm_ps2.v:20: error: Invalid module instantiation
RoEm/modules/Fsm_ps2.v:25: syntax error
RoEm/modules/Fsm_ps2.v:25: error: Invalid module instantiation
RoEm/modules/Fsm_ps2.v:29: syntax error
RoEm/modules/Fsm_ps2.v:29: error: Invalid module instantiation
RoEm/modules/Fsm_ps2.v:33: syntax error
RoEm/modules/Fsm_ps2.v:33: error: Invalid module instantiation
RoEm/modules/Fsm_ps2.v:37: syntax error
RoEm/modules/Fsm_ps2.v:37: error: Invalid module instantiation
RoEm/modules/Fsm_ps2.v:39: syntax error
RoEm/modules/Fsm_ps2.v:39: error: Invalid module instantiation
RoEm/modules/Fsm_ps2.v:41: syntax error
RoEm/modules/Fsm_ps2.v:41: error: Invalid module instantiation
RoEm/modules/Fsm_ps2.v:44: syntax error
RoEm/modules/Fsm_ps2.v:44: error: Invalid module instantiation
RoEm/modules/Fsm_ps2.v:51: error: Invalid module item.
RoEm/modules/Fsm_ps2.v:52: syntax error
RoEm/modules/Fsm_ps2.v:53: error: Invalid module item.
RoEm/modules/Fsm_ps2.v:54: syntax error
hdlbits_testbenches/Fsm_ps2_0_tb.v:3: error: Invalid module item.
hdlbits_testbenches/Fsm_ps2_0_tb.v:8: error: 'clk' has already been declared in this scope.
RoEm/modules/Fsm_ps2.v:2:      : It was declared here as a net.
hdlbits_testbenches/Fsm_ps2_0_tb.v:9: error: 'in' has already been declared in this scope.
RoEm/modules/Fsm_ps2.v:3:      : It was declared here as a net.
hdlbits_testbenches/Fsm_ps2_0_tb.v:10: error: 'reset' has already been declared in this scope.
RoEm/modules/Fsm_ps2.v:4:      : It was declared here as a net.
hdlbits_testbenches/Fsm_ps2_0_tb.v:12: error: 'done' has already been declared in this scope.
RoEm/modules/Fsm_ps2.v:5:      : It was declared here as a variable.
Module file path: RoEm/modules/Fsm_ps2.v
Testbench file path: hdlbits_testbenches/Fsm_ps2_0_tb.v
Error during compilation: Command '['iverilog', '-o', 'RoEm/simulations/Fsm_ps2_sim', 'RoEm/modules/Fsm_ps2.v', 'hdlbits_testbenches/Fsm_ps2_0_tb.v']' returned non-zero exit status 29.
