RoEm/modules/Module_fadd.v:8: error: Unknown module type: add16
RoEm/modules/Module_fadd.v:16: error: Unknown module type: add16
3 error(s) during elaboration.
*** These modules were missing:
        add16 referenced 2 times.
***
Module file path: RoEm/modules/Module_fadd.v
Testbench file path: hdlbits_testbenches/Module_fadd_0_tb.v
Error during compilation: Command '['iverilog', '-o', 'RoEm/simulations/Module_fadd_sim', 'RoEm/modules/Module_fadd.v', 'hdlbits_testbenches/Module_fadd_0_tb.v']' returned non-zero exit status 3.
