RoEm/modules/Module_shift8.v:33: syntax error
RoEm/modules/Module_shift8.v:33: error: Incomprehensible case expression.
RoEm/modules/Module_shift8.v:34: syntax error
RoEm/modules/Module_shift8.v:34: error: Incomprehensible case expression.
Module file path: RoEm/modules/Module_shift8.v
Testbench file path: hdlbits_testbenches/Module_shift8_0_tb.v
Error during compilation: Command '['iverilog', '-o', 'RoEm/simulations/Module_shift8_sim', 'RoEm/modules/Module_shift8.v', 'hdlbits_testbenches/Module_shift8_0_tb.v']' returned non-zero exit status 4.
