RoEm/modules/Module_addsub.v:14: error: Unknown module type: add16
RoEm/modules/Module_addsub.v:22: error: Unknown module type: add16
3 error(s) during elaboration.
*** These modules were missing:
        add16 referenced 2 times.
***
Module file path: RoEm/modules/Module_addsub.v
Testbench file path: hdlbits_testbenches/Module_addsub_0_tb.v
Error during compilation: Command '['iverilog', '-o', 'RoEm/simulations/Module_addsub_sim', 'RoEm/modules/Module_addsub.v', 'hdlbits_testbenches/Module_addsub_0_tb.v']' returned non-zero exit status 3.
