RaR/modules/Adder3.v:7: error: Unknown module type: full_adder
RaR/modules/Adder3.v:15: error: Unknown module type: full_adder
RaR/modules/Adder3.v:23: error: Unknown module type: full_adder
4 error(s) during elaboration.
*** These modules were missing:
        full_adder referenced 3 times.
***
Module file path: RaR/modules/Adder3.v
Testbench file path: hdlbits_testbenches/Adder3_0_tb.v
Error during compilation: Command '['iverilog', '-o', 'RaR/simulations/Adder3_sim', 'RaR/modules/Adder3.v', 'hdlbits_testbenches/Adder3_0_tb.v']' returned non-zero exit status 4.
