RaR/modules/Fsm_serial.v:9: syntax error
RaR/modules/Fsm_serial.v:9: error: Invalid module instantiation
RaR/modules/Fsm_serial.v:17: syntax error
RaR/modules/Fsm_serial.v:17: error: Invalid module instantiation
RaR/modules/Fsm_serial.v:22: syntax error
RaR/modules/Fsm_serial.v:22: error: Invalid module instantiation
RaR/modules/Fsm_serial.v:25: error: Invalid module instantiation
RaR/modules/Fsm_serial.v:26: error: Invalid module instantiation
RaR/modules/Fsm_serial.v:27: error: Invalid module instantiation
RaR/modules/Fsm_serial.v:29: error: Invalid module item.
RaR/modules/Fsm_serial.v:31: syntax error
RaR/modules/Fsm_serial.v:31: error: Invalid module instantiation
RaR/modules/Fsm_serial.v:32: error: Invalid module instantiation
RaR/modules/Fsm_serial.v:35: syntax error
RaR/modules/Fsm_serial.v:35: error: Invalid module instantiation
RaR/modules/Fsm_serial.v:37: syntax error
RaR/modules/Fsm_serial.v:37: error: Invalid module instantiation
RaR/modules/Fsm_serial.v:43: error: Invalid module item.
RaR/modules/Fsm_serial.v:47: syntax error
RaR/modules/Fsm_serial.v:47: error: Invalid module instantiation
RaR/modules/Fsm_serial.v:50: syntax error
RaR/modules/Fsm_serial.v:50: error: Invalid module instantiation
RaR/modules/Fsm_serial.v:51: error: Invalid module instantiation
RaR/modules/Fsm_serial.v:55: syntax error
RaR/modules/Fsm_serial.v:55: error: Invalid module instantiation
RaR/modules/Fsm_serial.v:59: syntax error
RaR/modules/Fsm_serial.v:59: error: Invalid module instantiation
RaR/modules/Fsm_serial.v:61: syntax error
RaR/modules/Fsm_serial.v:61: error: Invalid module instantiation
RaR/modules/Fsm_serial.v:64: syntax error
RaR/modules/Fsm_serial.v:64: error: Invalid module instantiation
RaR/modules/Fsm_serial.v:67: syntax error
hdlbits_testbenches/Fsm_serial_0_tb.v:3: error: Invalid module item.
hdlbits_testbenches/Fsm_serial_0_tb.v:8: error: 'clk' has already been declared in this scope.
RaR/modules/Fsm_serial.v:2:      : It was declared here as a net.
hdlbits_testbenches/Fsm_serial_0_tb.v:9: error: 'in' has already been declared in this scope.
RaR/modules/Fsm_serial.v:3:      : It was declared here as a net.
hdlbits_testbenches/Fsm_serial_0_tb.v:10: error: 'reset' has already been declared in this scope.
RaR/modules/Fsm_serial.v:4:      : It was declared here as a net.
hdlbits_testbenches/Fsm_serial_0_tb.v:12: error: 'done' has already been declared in this scope.
RaR/modules/Fsm_serial.v:5:      : It was declared here as a variable.
Module file path: RaR/modules/Fsm_serial.v
Testbench file path: hdlbits_testbenches/Fsm_serial_0_tb.v
Error during compilation: Command '['iverilog', '-o', 'RaR/simulations/Fsm_serial_sim', 'RaR/modules/Fsm_serial.v', 'hdlbits_testbenches/Fsm_serial_0_tb.v']' returned non-zero exit status 37.
