RaR/modules/Module_cseladd.v:10: error: Unknown module type: add16
RaR/modules/Module_cseladd.v:19: error: Unknown module type: add16
RaR/modules/Module_cseladd.v:28: error: Unknown module type: add16
4 error(s) during elaboration.
*** These modules were missing:
        add16 referenced 3 times.
***
Module file path: RaR/modules/Module_cseladd.v
Testbench file path: hdlbits_testbenches/Module_cseladd_0_tb.v
Error during compilation: Command '['iverilog', '-o', 'RaR/simulations/Module_cseladd_sim', 'RaR/modules/Module_cseladd.v', 'hdlbits_testbenches/Module_cseladd_0_tb.v']' returned non-zero exit status 4.
