RaR/modules/Module_add.v:12: error: Unknown module type: add16
RaR/modules/Module_add.v:21: error: Unknown module type: add16
3 error(s) during elaboration.
*** These modules were missing:
        add16 referenced 2 times.
***
Module file path: RaR/modules/Module_add.v
Testbench file path: hdlbits_testbenches/Module_add_0_tb.v
Error during compilation: Command '['iverilog', '-o', 'RaR/simulations/Module_add_sim', 'RaR/modules/Module_add.v', 'hdlbits_testbenches/Module_add_0_tb.v']' returned non-zero exit status 3.
