Self-consistency/modules/Adder3.v:11: error: Unknown module type: full_adder
Self-consistency/modules/Adder3.v:19: error: Unknown module type: full_adder
Self-consistency/modules/Adder3.v:27: error: Unknown module type: full_adder
4 error(s) during elaboration.
*** These modules were missing:
        full_adder referenced 3 times.
***
Module file path: Self-consistency/modules/Adder3.v
Testbench file path: hdlbits_testbenches/Adder3_0_tb.v
Error during compilation: Command '['iverilog', '-o', 'Self-consistency/simulations/Adder3_sim', 'Self-consistency/modules/Adder3.v', 'hdlbits_testbenches/Adder3_0_tb.v']' returned non-zero exit status 4.
