RaR/modules/Countbcd.v:70: error: ena1 is not a valid l-value in top_module_tb.UUT.
RaR/modules/Countbcd.v:28:      : ena1 is declared here as wire.
RaR/modules/Countbcd.v:71: error: ena2 is not a valid l-value in top_module_tb.UUT.
RaR/modules/Countbcd.v:28:      : ena2 is declared here as wire.
RaR/modules/Countbcd.v:72: error: ena3 is not a valid l-value in top_module_tb.UUT.
RaR/modules/Countbcd.v:28:      : ena3 is declared here as wire.
RaR/modules/Countbcd.v:74: error: Could not find variable ``tens_digit.ones'' in ``top_module_tb.UUT''
RaR/modules/Countbcd.v:76: error: Could not find variable ``hundreds_digit.ones'' in ``top_module_tb.UUT''
RaR/modules/Countbcd.v:78: error: Could not find variable ``thousands_digit.ones'' in ``top_module_tb.UUT''
6 error(s) during elaboration.
Module file path: RaR/modules/Countbcd.v
Testbench file path: hdlbits_testbenches/Countbcd_0_tb.v
Error during compilation: Command '['iverilog', '-o', 'RaR/simulations/Countbcd_sim', 'RaR/modules/Countbcd.v', 'hdlbits_testbenches/Countbcd_0_tb.v']' returned non-zero exit status 6.
