Generate_Knowledge/modules/Fsm_ps2data.v:9: syntax error
Generate_Knowledge/modules/Fsm_ps2data.v:9: error: Invalid module instantiation
Generate_Knowledge/modules/Fsm_ps2data.v:16: syntax error
Generate_Knowledge/modules/Fsm_ps2data.v:16: error: Invalid module instantiation
Generate_Knowledge/modules/Fsm_ps2data.v:22: syntax error
Generate_Knowledge/modules/Fsm_ps2data.v:22: error: Invalid module instantiation
Generate_Knowledge/modules/Fsm_ps2data.v:26: error: Invalid module item.
Generate_Knowledge/modules/Fsm_ps2data.v:27: syntax error
Generate_Knowledge/modules/Fsm_ps2data.v:31: error: Invalid module item.
Generate_Knowledge/modules/Fsm_ps2data.v:32: syntax error
Generate_Knowledge/modules/Fsm_ps2data.v:32: error: Invalid module instantiation
Generate_Knowledge/modules/Fsm_ps2data.v:36: syntax error
Generate_Knowledge/modules/Fsm_ps2data.v:36: error: Invalid module instantiation
Generate_Knowledge/modules/Fsm_ps2data.v:39: syntax error
Generate_Knowledge/modules/Fsm_ps2data.v:39: error: Invalid module instantiation
Generate_Knowledge/modules/Fsm_ps2data.v:42: syntax error
Generate_Knowledge/modules/Fsm_ps2data.v:42: error: Invalid module instantiation
Generate_Knowledge/modules/Fsm_ps2data.v:45: syntax error
Generate_Knowledge/modules/Fsm_ps2data.v:45: error: Invalid module instantiation
Generate_Knowledge/modules/Fsm_ps2data.v:46: error: Invalid module instantiation
Generate_Knowledge/modules/Fsm_ps2data.v:49: syntax error
Generate_Knowledge/modules/Fsm_ps2data.v:54: error: Invalid module item.
Generate_Knowledge/modules/Fsm_ps2data.v:55: syntax error
Generate_Knowledge/modules/Fsm_ps2data.v:55: error: Invalid module instantiation
Generate_Knowledge/modules/Fsm_ps2data.v:62: error: Invalid module item.
Generate_Knowledge/modules/Fsm_ps2data.v:63: syntax error
Generate_Knowledge/modules/Fsm_ps2data.v:65: error: Invalid module item.
Generate_Knowledge/modules/Fsm_ps2data.v:66: syntax error
Generate_Knowledge/modules/Fsm_ps2data.v:68: error: Invalid module item.
Generate_Knowledge/modules/Fsm_ps2data.v:69: syntax error
Generate_Knowledge/modules/Fsm_ps2data.v:72: error: Invalid module item.
Generate_Knowledge/modules/Fsm_ps2data.v:73: syntax error
hdlbits_testbenches/Fsm_ps2data_0_tb.v:3: error: Invalid module item.
hdlbits_testbenches/Fsm_ps2data_0_tb.v:8: error: 'clk' has already been declared in this scope.
Generate_Knowledge/modules/Fsm_ps2data.v:2:      : It was declared here as a net.
hdlbits_testbenches/Fsm_ps2data_0_tb.v:9: error: 'in' has already been declared in this scope.
Generate_Knowledge/modules/Fsm_ps2data.v:3:      : It was declared here as a net.
hdlbits_testbenches/Fsm_ps2data_0_tb.v:10: error: 'reset' has already been declared in this scope.
Generate_Knowledge/modules/Fsm_ps2data.v:4:      : It was declared here as a net.
hdlbits_testbenches/Fsm_ps2data_0_tb.v:12: error: 'out_bytes' has already been declared in this scope.
Generate_Knowledge/modules/Fsm_ps2data.v:5:      : It was declared here as a variable.
hdlbits_testbenches/Fsm_ps2data_0_tb.v:13: error: 'done' has already been declared in this scope.
Generate_Knowledge/modules/Fsm_ps2data.v:6:      : It was declared here as a variable.
Module file path: Generate_Knowledge/modules/Fsm_ps2data.v
Testbench file path: hdlbits_testbenches/Fsm_ps2data_0_tb.v
Error during compilation: Command '['iverilog', '-o', 'Generate_Knowledge/simulations/Fsm_ps2data_sim', 'Generate_Knowledge/modules/Fsm_ps2data.v', 'hdlbits_testbenches/Fsm_ps2data_0_tb.v']' returned non-zero exit status 38.
